  Camera.cpp
e:\miccall\vsproject-2018\learngl\newopengllearning\newopengllearning\MyGLLib.h : warning C4819: 该文件包含不能在当前代码页(936)中表示的字符。请将该文件保存为 Unicode 格式以防止数据丢失
e:\miccall\vsproject-2018\learngl\newopengllearning\newopengllearning\MyGLLib.h(49): warning C4091: “extern ”: 没有声明变量时忽略“miccall::Camera_Movement”的左侧
  main.cpp
e:\miccall\vsproject-2018\learngl\newopengllearning\newopengllearning\MyGLLib.h : warning C4819: 该文件包含不能在当前代码页(936)中表示的字符。请将该文件保存为 Unicode 格式以防止数据丢失
e:\miccall\vsproject-2018\learngl\newopengllearning\newopengllearning\MyGLLib.h(49): warning C4091: “extern ”: 没有声明变量时忽略“miccall::Camera_Movement”的左侧
  Test01.cpp
Test01.cpp : warning C4819: 该文件包含不能在当前代码页(936)中表示的字符。请将该文件保存为 Unicode 格式以防止数据丢失
e:\miccall\vsproject-2018\learngl\newopengllearning\newopengllearning\MyGLLib.h : warning C4819: 该文件包含不能在当前代码页(936)中表示的字符。请将该文件保存为 Unicode 格式以防止数据丢失
e:\miccall\vsproject-2018\learngl\newopengllearning\newopengllearning\MyGLLib.h(49): warning C4091: “extern ”: 没有声明变量时忽略“miccall::Camera_Movement”的左侧
  Test02.cpp
Test02.cpp : warning C4819: 该文件包含不能在当前代码页(936)中表示的字符。请将该文件保存为 Unicode 格式以防止数据丢失
e:\miccall\vsproject-2018\learngl\newopengllearning\newopengllearning\MyGLLib.h : warning C4819: 该文件包含不能在当前代码页(936)中表示的字符。请将该文件保存为 Unicode 格式以防止数据丢失
e:\miccall\vsproject-2018\learngl\newopengllearning\newopengllearning\MyGLLib.h(49): warning C4091: “extern ”: 没有声明变量时忽略“miccall::Camera_Movement”的左侧
  Test03.cpp
Test03.cpp : warning C4819: 该文件包含不能在当前代码页(936)中表示的字符。请将该文件保存为 Unicode 格式以防止数据丢失
e:\miccall\vsproject-2018\learngl\newopengllearning\newopengllearning\MyGLLib.h : warning C4819: 该文件包含不能在当前代码页(936)中表示的字符。请将该文件保存为 Unicode 格式以防止数据丢失
e:\miccall\vsproject-2018\learngl\newopengllearning\newopengllearning\MyGLLib.h(49): warning C4091: “extern ”: 没有声明变量时忽略“miccall::Camera_Movement”的左侧
  Test04.cpp
Test04.cpp : warning C4819: 该文件包含不能在当前代码页(936)中表示的字符。请将该文件保存为 Unicode 格式以防止数据丢失
e:\miccall\vsproject-2018\learngl\newopengllearning\newopengllearning\MyGLLib.h : warning C4819: 该文件包含不能在当前代码页(936)中表示的字符。请将该文件保存为 Unicode 格式以防止数据丢失
e:\miccall\vsproject-2018\learngl\newopengllearning\newopengllearning\MyGLLib.h(49): warning C4091: “extern ”: 没有声明变量时忽略“miccall::Camera_Movement”的左侧
  Test05.cpp
Test05.cpp : warning C4819: 该文件包含不能在当前代码页(936)中表示的字符。请将该文件保存为 Unicode 格式以防止数据丢失
e:\miccall\vsproject-2018\learngl\newopengllearning\newopengllearning\MyGLLib.h : warning C4819: 该文件包含不能在当前代码页(936)中表示的字符。请将该文件保存为 Unicode 格式以防止数据丢失
e:\miccall\vsproject-2018\learngl\newopengllearning\newopengllearning\MyGLLib.h(49): warning C4091: “extern ”: 没有声明变量时忽略“miccall::Camera_Movement”的左侧
Test05.cpp(67): warning C4244: “初始化”: 从“double”转换到“float”，可能丢失数据
  Test06.cpp
Test06.cpp : warning C4819: 该文件包含不能在当前代码页(936)中表示的字符。请将该文件保存为 Unicode 格式以防止数据丢失
e:\miccall\vsproject-2018\learngl\newopengllearning\newopengllearning\MyGLLib.h : warning C4819: 该文件包含不能在当前代码页(936)中表示的字符。请将该文件保存为 Unicode 格式以防止数据丢失
e:\miccall\vsproject-2018\learngl\newopengllearning\newopengllearning\MyGLLib.h(49): warning C4091: “extern ”: 没有声明变量时忽略“miccall::Camera_Movement”的左侧
  Test07.cpp
Test07.cpp : warning C4819: 该文件包含不能在当前代码页(936)中表示的字符。请将该文件保存为 Unicode 格式以防止数据丢失
e:\miccall\vsproject-2018\learngl\newopengllearning\newopengllearning\MyGLLib.h : warning C4819: 该文件包含不能在当前代码页(936)中表示的字符。请将该文件保存为 Unicode 格式以防止数据丢失
e:\miccall\vsproject-2018\learngl\newopengllearning\newopengllearning\MyGLLib.h(49): warning C4091: “extern ”: 没有声明变量时忽略“miccall::Camera_Movement”的左侧
  Test08.cpp
Test08.cpp : warning C4819: 该文件包含不能在当前代码页(936)中表示的字符。请将该文件保存为 Unicode 格式以防止数据丢失
e:\miccall\vsproject-2018\learngl\newopengllearning\newopengllearning\MyGLLib.h : warning C4819: 该文件包含不能在当前代码页(936)中表示的字符。请将该文件保存为 Unicode 格式以防止数据丢失
e:\miccall\vsproject-2018\learngl\newopengllearning\newopengllearning\MyGLLib.h(49): warning C4091: “extern ”: 没有声明变量时忽略“miccall::Camera_Movement”的左侧
  Test09.cpp
Test09.cpp : warning C4819: 该文件包含不能在当前代码页(936)中表示的字符。请将该文件保存为 Unicode 格式以防止数据丢失
e:\miccall\vsproject-2018\learngl\newopengllearning\newopengllearning\MyGLLib.h : warning C4819: 该文件包含不能在当前代码页(936)中表示的字符。请将该文件保存为 Unicode 格式以防止数据丢失
e:\miccall\vsproject-2018\learngl\newopengllearning\newopengllearning\MyGLLib.h(49): warning C4091: “extern ”: 没有声明变量时忽略“miccall::Camera_Movement”的左侧
  Test10.cpp
Test10.cpp : warning C4819: 该文件包含不能在当前代码页(936)中表示的字符。请将该文件保存为 Unicode 格式以防止数据丢失
e:\miccall\vsproject-2018\learngl\newopengllearning\newopengllearning\MyGLLib.h : warning C4819: 该文件包含不能在当前代码页(936)中表示的字符。请将该文件保存为 Unicode 格式以防止数据丢失
e:\miccall\vsproject-2018\learngl\newopengllearning\newopengllearning\MyGLLib.h(49): warning C4091: “extern ”: 没有声明变量时忽略“miccall::Camera_Movement”的左侧
  Test11.cpp
Test11.cpp : warning C4819: 该文件包含不能在当前代码页(936)中表示的字符。请将该文件保存为 Unicode 格式以防止数据丢失
e:\miccall\vsproject-2018\learngl\newopengllearning\newopengllearning\MyGLLib.h : warning C4819: 该文件包含不能在当前代码页(936)中表示的字符。请将该文件保存为 Unicode 格式以防止数据丢失
e:\miccall\vsproject-2018\learngl\newopengllearning\newopengllearning\MyGLLib.h(49): warning C4091: “extern ”: 没有声明变量时忽略“miccall::Camera_Movement”的左侧
  Test12.cpp
Test12.cpp : warning C4819: 该文件包含不能在当前代码页(936)中表示的字符。请将该文件保存为 Unicode 格式以防止数据丢失
e:\miccall\vsproject-2018\learngl\newopengllearning\newopengllearning\MyGLLib.h : warning C4819: 该文件包含不能在当前代码页(936)中表示的字符。请将该文件保存为 Unicode 格式以防止数据丢失
e:\miccall\vsproject-2018\learngl\newopengllearning\newopengllearning\MyGLLib.h(49): warning C4091: “extern ”: 没有声明变量时忽略“miccall::Camera_Movement”的左侧
Test12.cpp(82): warning C4244: “初始化”: 从“double”转换到“float”，可能丢失数据
  Test13.cpp
Test13.cpp : warning C4819: 该文件包含不能在当前代码页(936)中表示的字符。请将该文件保存为 Unicode 格式以防止数据丢失
e:\miccall\vsproject-2018\learngl\newopengllearning\newopengllearning\MyGLLib.h : warning C4819: 该文件包含不能在当前代码页(936)中表示的字符。请将该文件保存为 Unicode 格式以防止数据丢失
e:\miccall\vsproject-2018\learngl\newopengllearning\newopengllearning\MyGLLib.h(49): warning C4091: “extern ”: 没有声明变量时忽略“miccall::Camera_Movement”的左侧
  Test14.cpp
Test14.cpp : warning C4819: 该文件包含不能在当前代码页(936)中表示的字符。请将该文件保存为 Unicode 格式以防止数据丢失
e:\miccall\vsproject-2018\learngl\newopengllearning\newopengllearning\MyGLLib.h : warning C4819: 该文件包含不能在当前代码页(936)中表示的字符。请将该文件保存为 Unicode 格式以防止数据丢失
e:\miccall\vsproject-2018\learngl\newopengllearning\newopengllearning\MyGLLib.h(49): warning C4091: “extern ”: 没有声明变量时忽略“miccall::Camera_Movement”的左侧
  Test15.cpp
Test15.cpp : warning C4819: 该文件包含不能在当前代码页(936)中表示的字符。请将该文件保存为 Unicode 格式以防止数据丢失
e:\miccall\vsproject-2018\learngl\newopengllearning\newopengllearning\MyGLLib.h : warning C4819: 该文件包含不能在当前代码页(936)中表示的字符。请将该文件保存为 Unicode 格式以防止数据丢失
e:\miccall\vsproject-2018\learngl\newopengllearning\newopengllearning\MyGLLib.h(49): warning C4091: “extern ”: 没有声明变量时忽略“miccall::Camera_Movement”的左侧
Test15.cpp(127): warning C4244: “初始化”: 从“double”转换到“float”，可能丢失数据
Test15.cpp(128): warning C4244: “初始化”: 从“double”转换到“float”，可能丢失数据
Test15.cpp(129): warning C4244: “初始化”: 从“double”转换到“float”，可能丢失数据
  Test16.cpp
Test16.cpp : warning C4819: 该文件包含不能在当前代码页(936)中表示的字符。请将该文件保存为 Unicode 格式以防止数据丢失
e:\miccall\vsproject-2018\learngl\newopengllearning\newopengllearning\MyGLLib.h : warning C4819: 该文件包含不能在当前代码页(936)中表示的字符。请将该文件保存为 Unicode 格式以防止数据丢失
e:\miccall\vsproject-2018\learngl\newopengllearning\newopengllearning\MyGLLib.h(49): warning C4091: “extern ”: 没有声明变量时忽略“miccall::Camera_Movement”的左侧
Test16.cpp(116): warning C4244: “初始化”: 从“double”转换到“float”，可能丢失数据
  Test17.cpp
Test17.cpp : warning C4819: 该文件包含不能在当前代码页(936)中表示的字符。请将该文件保存为 Unicode 格式以防止数据丢失
e:\miccall\vsproject-2018\learngl\newopengllearning\newopengllearning\MyGLLib.h : warning C4819: 该文件包含不能在当前代码页(936)中表示的字符。请将该文件保存为 Unicode 格式以防止数据丢失
e:\miccall\vsproject-2018\learngl\newopengllearning\newopengllearning\MyGLLib.h(49): warning C4091: “extern ”: 没有声明变量时忽略“miccall::Camera_Movement”的左侧
  Test18.cpp
Test18.cpp : warning C4819: 该文件包含不能在当前代码页(936)中表示的字符。请将该文件保存为 Unicode 格式以防止数据丢失
e:\miccall\vsproject-2018\learngl\newopengllearning\newopengllearning\MyGLLib.h : warning C4819: 该文件包含不能在当前代码页(936)中表示的字符。请将该文件保存为 Unicode 格式以防止数据丢失
e:\miccall\vsproject-2018\learngl\newopengllearning\newopengllearning\MyGLLib.h(49): warning C4091: “extern ”: 没有声明变量时忽略“miccall::Camera_Movement”的左侧
  正在编译...
  Test19.cpp
Test19.cpp : warning C4819: 该文件包含不能在当前代码页(936)中表示的字符。请将该文件保存为 Unicode 格式以防止数据丢失
e:\miccall\vsproject-2018\learngl\newopengllearning\newopengllearning\MyGLLib.h : warning C4819: 该文件包含不能在当前代码页(936)中表示的字符。请将该文件保存为 Unicode 格式以防止数据丢失
e:\miccall\vsproject-2018\learngl\newopengllearning\newopengllearning\MyGLLib.h(49): warning C4091: “extern ”: 没有声明变量时忽略“miccall::Camera_Movement”的左侧
  Test20.cpp
e:\miccall\vsproject-2018\learngl\newopengllearning\newopengllearning\MyGLLib.h : warning C4819: 该文件包含不能在当前代码页(936)中表示的字符。请将该文件保存为 Unicode 格式以防止数据丢失
e:\miccall\vsproject-2018\learngl\newopengllearning\newopengllearning\MyGLLib.h(49): warning C4091: “extern ”: 没有声明变量时忽略“miccall::Camera_Movement”的左侧
  Test21.cpp
Test21.cpp : warning C4819: 该文件包含不能在当前代码页(936)中表示的字符。请将该文件保存为 Unicode 格式以防止数据丢失
e:\miccall\vsproject-2018\learngl\newopengllearning\newopengllearning\MyGLLib.h : warning C4819: 该文件包含不能在当前代码页(936)中表示的字符。请将该文件保存为 Unicode 格式以防止数据丢失
e:\miccall\vsproject-2018\learngl\newopengllearning\newopengllearning\MyGLLib.h(49): warning C4091: “extern ”: 没有声明变量时忽略“miccall::Camera_Movement”的左侧
  Test22.cpp
Test22.cpp : warning C4819: 该文件包含不能在当前代码页(936)中表示的字符。请将该文件保存为 Unicode 格式以防止数据丢失
e:\miccall\vsproject-2018\learngl\newopengllearning\newopengllearning\MyGLLib.h : warning C4819: 该文件包含不能在当前代码页(936)中表示的字符。请将该文件保存为 Unicode 格式以防止数据丢失
e:\miccall\vsproject-2018\learngl\newopengllearning\newopengllearning\MyGLLib.h(49): warning C4091: “extern ”: 没有声明变量时忽略“miccall::Camera_Movement”的左侧
Test22.cpp(105): warning C4244: “=”: 从“double”转换到“float”，可能丢失数据
Test22.cpp(106): warning C4244: “=”: 从“double”转换到“float”，可能丢失数据
Test22.cpp(107): warning C4244: “=”: 从“double”转换到“float”，可能丢失数据
  Test23.cpp
e:\miccall\vsproject-2018\learngl\newopengllearning\newopengllearning\MyGLLib.h : warning C4819: 该文件包含不能在当前代码页(936)中表示的字符。请将该文件保存为 Unicode 格式以防止数据丢失
e:\miccall\vsproject-2018\learngl\newopengllearning\newopengllearning\MyGLLib.h(49): warning C4091: “extern ”: 没有声明变量时忽略“miccall::Camera_Movement”的左侧
  Test24.cpp
Test24.cpp : warning C4819: 该文件包含不能在当前代码页(936)中表示的字符。请将该文件保存为 Unicode 格式以防止数据丢失
e:\miccall\vsproject-2018\learngl\newopengllearning\newopengllearning\MyGLLib.h : warning C4819: 该文件包含不能在当前代码页(936)中表示的字符。请将该文件保存为 Unicode 格式以防止数据丢失
e:\miccall\vsproject-2018\learngl\newopengllearning\newopengllearning\MyGLLib.h(49): warning C4091: “extern ”: 没有声明变量时忽略“miccall::Camera_Movement”的左侧
  Test25.cpp
Test25.cpp : warning C4819: 该文件包含不能在当前代码页(936)中表示的字符。请将该文件保存为 Unicode 格式以防止数据丢失
e:\miccall\vsproject-2018\learngl\newopengllearning\newopengllearning\MyGLLib.h : warning C4819: 该文件包含不能在当前代码页(936)中表示的字符。请将该文件保存为 Unicode 格式以防止数据丢失
e:\miccall\vsproject-2018\learngl\newopengllearning\newopengllearning\MyGLLib.h(49): warning C4091: “extern ”: 没有声明变量时忽略“miccall::Camera_Movement”的左侧
  Test26.cpp
Test26.cpp : warning C4819: 该文件包含不能在当前代码页(936)中表示的字符。请将该文件保存为 Unicode 格式以防止数据丢失
e:\miccall\vsproject-2018\learngl\newopengllearning\newopengllearning\MyGLLib.h : warning C4819: 该文件包含不能在当前代码页(936)中表示的字符。请将该文件保存为 Unicode 格式以防止数据丢失
e:\miccall\vsproject-2018\learngl\newopengllearning\newopengllearning\MyGLLib.h(49): warning C4091: “extern ”: 没有声明变量时忽略“miccall::Camera_Movement”的左侧
  Test27.cpp
Test27.cpp : warning C4819: 该文件包含不能在当前代码页(936)中表示的字符。请将该文件保存为 Unicode 格式以防止数据丢失
e:\miccall\vsproject-2018\learngl\newopengllearning\newopengllearning\MyGLLib.h : warning C4819: 该文件包含不能在当前代码页(936)中表示的字符。请将该文件保存为 Unicode 格式以防止数据丢失
e:\miccall\vsproject-2018\learngl\newopengllearning\newopengllearning\MyGLLib.h(49): warning C4091: “extern ”: 没有声明变量时忽略“miccall::Camera_Movement”的左侧
  Test30.cpp
Test30.cpp : warning C4819: 该文件包含不能在当前代码页(936)中表示的字符。请将该文件保存为 Unicode 格式以防止数据丢失
e:\miccall\vsproject-2018\learngl\newopengllearning\newopengllearning\MyGLLib.h : warning C4819: 该文件包含不能在当前代码页(936)中表示的字符。请将该文件保存为 Unicode 格式以防止数据丢失
e:\miccall\vsproject-2018\learngl\newopengllearning\newopengllearning\MyGLLib.h(49): warning C4091: “extern ”: 没有声明变量时忽略“miccall::Camera_Movement”的左侧
  Test31.cpp
Test31.cpp : warning C4819: 该文件包含不能在当前代码页(936)中表示的字符。请将该文件保存为 Unicode 格式以防止数据丢失
e:\miccall\vsproject-2018\learngl\newopengllearning\newopengllearning\MyGLLib.h : warning C4819: 该文件包含不能在当前代码页(936)中表示的字符。请将该文件保存为 Unicode 格式以防止数据丢失
e:\miccall\vsproject-2018\learngl\newopengllearning\newopengllearning\MyGLLib.h(49): warning C4091: “extern ”: 没有声明变量时忽略“miccall::Camera_Movement”的左侧
LINK : warning LNK4098: 默认库“MSVCRTD”与其他库的使用冲突；请使用 /NODEFAULTLIB:library
  正在生成代码
  22 of 949 functions ( 2.3%) were compiled, the rest were copied from previous compilation.
    2 functions were new in current compilation
    4 functions had inline decision re-evaluated but remain unchanged
  已完成代码的生成
glfw3.lib(context.obj) : warning LNK4099: 未找到 PDB“glfw.pdb”(使用“glfw3.lib(context.obj)”或在“E:\miccall\VSproject-2018\LearnGL\NewOpenGLlearning\Release\glfw.pdb”中寻找)；正在链接对象，如同没有调试信息一样
glfw3.lib(init.obj) : warning LNK4099: 未找到 PDB“glfw.pdb”(使用“glfw3.lib(init.obj)”或在“E:\miccall\VSproject-2018\LearnGL\NewOpenGLlearning\Release\glfw.pdb”中寻找)；正在链接对象，如同没有调试信息一样
glfw3.lib(input.obj) : warning LNK4099: 未找到 PDB“glfw.pdb”(使用“glfw3.lib(input.obj)”或在“E:\miccall\VSproject-2018\LearnGL\NewOpenGLlearning\Release\glfw.pdb”中寻找)；正在链接对象，如同没有调试信息一样
glfw3.lib(monitor.obj) : warning LNK4099: 未找到 PDB“glfw.pdb”(使用“glfw3.lib(monitor.obj)”或在“E:\miccall\VSproject-2018\LearnGL\NewOpenGLlearning\Release\glfw.pdb”中寻找)；正在链接对象，如同没有调试信息一样
glfw3.lib(vulkan.obj) : warning LNK4099: 未找到 PDB“glfw.pdb”(使用“glfw3.lib(vulkan.obj)”或在“E:\miccall\VSproject-2018\LearnGL\NewOpenGLlearning\Release\glfw.pdb”中寻找)；正在链接对象，如同没有调试信息一样
glfw3.lib(window.obj) : warning LNK4099: 未找到 PDB“glfw.pdb”(使用“glfw3.lib(window.obj)”或在“E:\miccall\VSproject-2018\LearnGL\NewOpenGLlearning\Release\glfw.pdb”中寻找)；正在链接对象，如同没有调试信息一样
glfw3.lib(win32_init.obj) : warning LNK4099: 未找到 PDB“glfw.pdb”(使用“glfw3.lib(win32_init.obj)”或在“E:\miccall\VSproject-2018\LearnGL\NewOpenGLlearning\Release\glfw.pdb”中寻找)；正在链接对象，如同没有调试信息一样
glfw3.lib(win32_joystick.obj) : warning LNK4099: 未找到 PDB“glfw.pdb”(使用“glfw3.lib(win32_joystick.obj)”或在“E:\miccall\VSproject-2018\LearnGL\NewOpenGLlearning\Release\glfw.pdb”中寻找)；正在链接对象，如同没有调试信息一样
glfw3.lib(win32_monitor.obj) : warning LNK4099: 未找到 PDB“glfw.pdb”(使用“glfw3.lib(win32_monitor.obj)”或在“E:\miccall\VSproject-2018\LearnGL\NewOpenGLlearning\Release\glfw.pdb”中寻找)；正在链接对象，如同没有调试信息一样
glfw3.lib(win32_time.obj) : warning LNK4099: 未找到 PDB“glfw.pdb”(使用“glfw3.lib(win32_time.obj)”或在“E:\miccall\VSproject-2018\LearnGL\NewOpenGLlearning\Release\glfw.pdb”中寻找)；正在链接对象，如同没有调试信息一样
glfw3.lib(win32_thread.obj) : warning LNK4099: 未找到 PDB“glfw.pdb”(使用“glfw3.lib(win32_thread.obj)”或在“E:\miccall\VSproject-2018\LearnGL\NewOpenGLlearning\Release\glfw.pdb”中寻找)；正在链接对象，如同没有调试信息一样
glfw3.lib(win32_window.obj) : warning LNK4099: 未找到 PDB“glfw.pdb”(使用“glfw3.lib(win32_window.obj)”或在“E:\miccall\VSproject-2018\LearnGL\NewOpenGLlearning\Release\glfw.pdb”中寻找)；正在链接对象，如同没有调试信息一样
glfw3.lib(wgl_context.obj) : warning LNK4099: 未找到 PDB“glfw.pdb”(使用“glfw3.lib(wgl_context.obj)”或在“E:\miccall\VSproject-2018\LearnGL\NewOpenGLlearning\Release\glfw.pdb”中寻找)；正在链接对象，如同没有调试信息一样
glfw3.lib(egl_context.obj) : warning LNK4099: 未找到 PDB“glfw.pdb”(使用“glfw3.lib(egl_context.obj)”或在“E:\miccall\VSproject-2018\LearnGL\NewOpenGLlearning\Release\glfw.pdb”中寻找)；正在链接对象，如同没有调试信息一样
glfw3.lib(osmesa_context.obj) : warning LNK4099: 未找到 PDB“glfw.pdb”(使用“glfw3.lib(osmesa_context.obj)”或在“E:\miccall\VSproject-2018\LearnGL\NewOpenGLlearning\Release\glfw.pdb”中寻找)；正在链接对象，如同没有调试信息一样
  NewOpenGLlearning.vcxproj -> E:\miccall\VSproject-2018\LearnGL\NewOpenGLlearning\Release\NewOpenGLlearning.exe
